ARM GAS  /tmp/ccbRt4lz.s 			page 1


   1              		.cpu cortex-m0
   2              		.arch armv6s-m
   3              		.fpu softvfp
   4              		.eabi_attribute 20, 1
   5              		.eabi_attribute 21, 1
   6              		.eabi_attribute 23, 3
   7              		.eabi_attribute 24, 1
   8              		.eabi_attribute 25, 1
   9              		.eabi_attribute 26, 1
  10              		.eabi_attribute 30, 1
  11              		.eabi_attribute 34, 0
  12              		.eabi_attribute 18, 4
  13              		.file	"syscalls.c"
  14              		.text
  15              	.Ltext0:
  16              		.cfi_sections	.debug_frame
  17              		.file 1 "syscalls.c"
  18              		.section	.text.initialise_monitor_handles,"ax",%progbits
  19              		.align	1
  20              		.global	initialise_monitor_handles
  21              		.syntax unified
  22              		.code	16
  23              		.thumb_func
  25              	initialise_monitor_handles:
  26              	.LFB25:
   1:syscalls.c    **** /**
   2:syscalls.c    ****  ******************************************************************************
   3:syscalls.c    ****  * @file      syscalls.c
   4:syscalls.c    ****  * @author    Auto-generated by STM32CubeMX
   5:syscalls.c    ****  * @brief     Minimal System calls file
   6:syscalls.c    ****  *
   7:syscalls.c    ****  *            For more information about which c-functions
   8:syscalls.c    ****  *            need which of these lowlevel functions
   9:syscalls.c    ****  *            please consult the Newlib libc-manual
  10:syscalls.c    ****  ******************************************************************************
  11:syscalls.c    ****  * @attention
  12:syscalls.c    ****  *
  13:syscalls.c    ****  * Copyright (c) 2020-2024 STMicroelectronics.
  14:syscalls.c    ****  * All rights reserved.
  15:syscalls.c    ****  *
  16:syscalls.c    ****  * This software is licensed under terms that can be found in the LICENSE file
  17:syscalls.c    ****  * in the root directory of this software component.
  18:syscalls.c    ****  * If no LICENSE file comes with this software, it is provided AS-IS.
  19:syscalls.c    ****  *
  20:syscalls.c    ****  ******************************************************************************
  21:syscalls.c    ****  */
  22:syscalls.c    **** 
  23:syscalls.c    **** /* Includes */
  24:syscalls.c    **** #include <sys/stat.h>
  25:syscalls.c    **** #include <stdlib.h>
  26:syscalls.c    **** #include <errno.h>
  27:syscalls.c    **** #include <stdio.h>
  28:syscalls.c    **** #include <signal.h>
  29:syscalls.c    **** #include <time.h>
  30:syscalls.c    **** #include <sys/time.h>
  31:syscalls.c    **** #include <sys/times.h>
  32:syscalls.c    **** 
ARM GAS  /tmp/ccbRt4lz.s 			page 2


  33:syscalls.c    **** 
  34:syscalls.c    **** /* Variables */
  35:syscalls.c    **** //extern int __io_putchar(int ch) __attribute__((weak));
  36:syscalls.c    **** extern int __io_getchar(void) __attribute__((weak));
  37:syscalls.c    **** 
  38:syscalls.c    **** #define CONSOLE_DR ((uint32_t *)(0xE0000000))
  39:syscalls.c    **** 
  40:syscalls.c    **** 
  41:syscalls.c    **** char *__env[1] = { 0 };
  42:syscalls.c    **** char **environ = __env;
  43:syscalls.c    **** 
  44:syscalls.c    **** 
  45:syscalls.c    **** /* Functions */
  46:syscalls.c    **** void initialise_monitor_handles()
  47:syscalls.c    **** {
  27              		.loc 1 47 1 view -0
  28              		.cfi_startproc
  29              		@ args = 0, pretend = 0, frame = 0
  30              		@ frame_needed = 0, uses_anonymous_args = 0
  31              		@ link register save eliminated.
  48:syscalls.c    **** }
  32              		.loc 1 48 1 view .LVU1
  33              		@ sp needed
  34 0000 7047     		bx	lr
  35              		.cfi_endproc
  36              	.LFE25:
  38              		.section	.text._getpid,"ax",%progbits
  39              		.align	1
  40              		.global	_getpid
  41              		.syntax unified
  42              		.code	16
  43              		.thumb_func
  45              	_getpid:
  46              	.LFB26:
  49:syscalls.c    **** 
  50:syscalls.c    **** int _getpid(void)
  51:syscalls.c    **** {
  47              		.loc 1 51 1 view -0
  48              		.cfi_startproc
  49              		@ args = 0, pretend = 0, frame = 0
  50              		@ frame_needed = 0, uses_anonymous_args = 0
  51              		@ link register save eliminated.
  52:syscalls.c    ****   return 1;
  52              		.loc 1 52 3 view .LVU3
  53:syscalls.c    **** }
  53              		.loc 1 53 1 is_stmt 0 view .LVU4
  54 0000 0120     		movs	r0, #1
  55              		@ sp needed
  56 0002 7047     		bx	lr
  57              		.cfi_endproc
  58              	.LFE26:
  60              		.section	.text._kill,"ax",%progbits
  61              		.align	1
  62              		.global	_kill
  63              		.syntax unified
  64              		.code	16
  65              		.thumb_func
ARM GAS  /tmp/ccbRt4lz.s 			page 3


  67              	_kill:
  68              	.LVL0:
  69              	.LFB27:
  54:syscalls.c    **** 
  55:syscalls.c    **** int _kill(int pid, int sig)
  56:syscalls.c    **** {
  70              		.loc 1 56 1 is_stmt 1 view -0
  71              		.cfi_startproc
  72              		@ args = 0, pretend = 0, frame = 0
  73              		@ frame_needed = 0, uses_anonymous_args = 0
  74              		.loc 1 56 1 is_stmt 0 view .LVU6
  75 0000 10B5     		push	{r4, lr}
  76              	.LCFI0:
  77              		.cfi_def_cfa_offset 8
  78              		.cfi_offset 4, -8
  79              		.cfi_offset 14, -4
  57:syscalls.c    ****   (void)pid;
  80              		.loc 1 57 3 is_stmt 1 view .LVU7
  58:syscalls.c    ****   (void)sig;
  81              		.loc 1 58 3 view .LVU8
  59:syscalls.c    ****   errno = EINVAL;
  82              		.loc 1 59 3 view .LVU9
  83 0002 FFF7FEFF 		bl	__errno
  84              	.LVL1:
  85              		.loc 1 59 9 is_stmt 0 discriminator 1 view .LVU10
  86 0006 1623     		movs	r3, #22
  87 0008 0360     		str	r3, [r0]
  60:syscalls.c    ****   return -1;
  88              		.loc 1 60 3 is_stmt 1 view .LVU11
  89              		.loc 1 60 10 is_stmt 0 discriminator 1 view .LVU12
  90 000a 0120     		movs	r0, #1
  61:syscalls.c    **** }
  91              		.loc 1 61 1 view .LVU13
  92 000c 4042     		rsbs	r0, r0, #0
  93              		@ sp needed
  94 000e 10BD     		pop	{r4, pc}
  95              		.cfi_endproc
  96              	.LFE27:
  98              		.section	.text._exit,"ax",%progbits
  99              		.align	1
 100              		.global	_exit
 101              		.syntax unified
 102              		.code	16
 103              		.thumb_func
 105              	_exit:
 106              	.LVL2:
 107              	.LFB28:
  62:syscalls.c    **** 
  63:syscalls.c    **** void _exit (int status)
  64:syscalls.c    **** {
 108              		.loc 1 64 1 is_stmt 1 view -0
 109              		.cfi_startproc
 110              		@ Volatile: function does not return.
 111              		@ args = 0, pretend = 0, frame = 0
 112              		@ frame_needed = 0, uses_anonymous_args = 0
 113              		.loc 1 64 1 is_stmt 0 view .LVU15
 114 0000 10B5     		push	{r4, lr}
ARM GAS  /tmp/ccbRt4lz.s 			page 4


 115              	.LCFI1:
 116              		.cfi_def_cfa_offset 8
 117              		.cfi_offset 4, -8
 118              		.cfi_offset 14, -4
  65:syscalls.c    ****   _kill(status, -1);
 119              		.loc 1 65 3 is_stmt 1 view .LVU16
 120 0002 0121     		movs	r1, #1
 121 0004 4942     		rsbs	r1, r1, #0
 122 0006 FFF7FEFF 		bl	_kill
 123              	.LVL3:
 124              	.L5:
  66:syscalls.c    ****   while (1) {}    /* Make sure we hang here */
 125              		.loc 1 66 3 view .LVU17
 126              		.loc 1 66 14 view .LVU18
 127              		.loc 1 66 9 view .LVU19
 128 000a FEE7     		b	.L5
 129              		.cfi_endproc
 130              	.LFE28:
 132              		.section	.text._close,"ax",%progbits
 133              		.align	1
 134              		.global	_close
 135              		.syntax unified
 136              		.code	16
 137              		.thumb_func
 139              	_close:
 140              	.LVL4:
 141              	.LFB29:
  67:syscalls.c    **** }
  68:syscalls.c    **** 
  69:syscalls.c    **** 
  70:syscalls.c    **** int _close(int file)
  71:syscalls.c    **** {
 142              		.loc 1 71 1 view -0
 143              		.cfi_startproc
 144              		@ args = 0, pretend = 0, frame = 0
 145              		@ frame_needed = 0, uses_anonymous_args = 0
 146              		@ link register save eliminated.
  72:syscalls.c    ****   (void)file;
 147              		.loc 1 72 3 view .LVU21
  73:syscalls.c    ****   return -1;
 148              		.loc 1 73 3 view .LVU22
 149              		.loc 1 73 10 is_stmt 0 discriminator 1 view .LVU23
 150 0000 0120     		movs	r0, #1
 151              	.LVL5:
  74:syscalls.c    **** }
 152              		.loc 1 74 1 view .LVU24
 153 0002 4042     		rsbs	r0, r0, #0
 154              		@ sp needed
 155 0004 7047     		bx	lr
 156              		.cfi_endproc
 157              	.LFE29:
 159              		.section	.text._fstat,"ax",%progbits
 160              		.align	1
 161              		.global	_fstat
 162              		.syntax unified
 163              		.code	16
 164              		.thumb_func
ARM GAS  /tmp/ccbRt4lz.s 			page 5


 166              	_fstat:
 167              	.LVL6:
 168              	.LFB30:
  75:syscalls.c    **** 
  76:syscalls.c    **** 
  77:syscalls.c    **** int _fstat(int file, struct stat *st)
  78:syscalls.c    **** {
 169              		.loc 1 78 1 is_stmt 1 view -0
 170              		.cfi_startproc
 171              		@ args = 0, pretend = 0, frame = 0
 172              		@ frame_needed = 0, uses_anonymous_args = 0
 173              		@ link register save eliminated.
  79:syscalls.c    ****   (void)file;
 174              		.loc 1 79 3 view .LVU26
  80:syscalls.c    ****   st->st_mode = S_IFCHR;
 175              		.loc 1 80 3 view .LVU27
 176              		.loc 1 80 15 is_stmt 0 view .LVU28
 177 0000 8023     		movs	r3, #128
 178 0002 9B01     		lsls	r3, r3, #6
 179 0004 4B60     		str	r3, [r1, #4]
  81:syscalls.c    ****   return 0;
 180              		.loc 1 81 3 is_stmt 1 view .LVU29
  82:syscalls.c    **** }
 181              		.loc 1 82 1 is_stmt 0 view .LVU30
 182 0006 0020     		movs	r0, #0
 183              	.LVL7:
 184              		.loc 1 82 1 view .LVU31
 185              		@ sp needed
 186 0008 7047     		bx	lr
 187              		.cfi_endproc
 188              	.LFE30:
 190              		.section	.text._isatty,"ax",%progbits
 191              		.align	1
 192              		.global	_isatty
 193              		.syntax unified
 194              		.code	16
 195              		.thumb_func
 197              	_isatty:
 198              	.LVL8:
 199              	.LFB31:
  83:syscalls.c    **** 
  84:syscalls.c    **** int _isatty(int file)
  85:syscalls.c    **** {
 200              		.loc 1 85 1 is_stmt 1 view -0
 201              		.cfi_startproc
 202              		@ args = 0, pretend = 0, frame = 0
 203              		@ frame_needed = 0, uses_anonymous_args = 0
 204              		@ link register save eliminated.
  86:syscalls.c    ****   (void)file;
 205              		.loc 1 86 3 view .LVU33
  87:syscalls.c    ****   return 1;
 206              		.loc 1 87 3 view .LVU34
  88:syscalls.c    **** }
 207              		.loc 1 88 1 is_stmt 0 view .LVU35
 208 0000 0120     		movs	r0, #1
 209              	.LVL9:
 210              		.loc 1 88 1 view .LVU36
ARM GAS  /tmp/ccbRt4lz.s 			page 6


 211              		@ sp needed
 212 0002 7047     		bx	lr
 213              		.cfi_endproc
 214              	.LFE31:
 216              		.section	.text._lseek,"ax",%progbits
 217              		.align	1
 218              		.global	_lseek
 219              		.syntax unified
 220              		.code	16
 221              		.thumb_func
 223              	_lseek:
 224              	.LVL10:
 225              	.LFB32:
  89:syscalls.c    **** 
  90:syscalls.c    **** int _lseek(int file, int ptr, int dir)
  91:syscalls.c    **** {
 226              		.loc 1 91 1 is_stmt 1 view -0
 227              		.cfi_startproc
 228              		@ args = 0, pretend = 0, frame = 0
 229              		@ frame_needed = 0, uses_anonymous_args = 0
 230              		@ link register save eliminated.
  92:syscalls.c    ****   (void)file;
 231              		.loc 1 92 3 view .LVU38
  93:syscalls.c    ****   (void)ptr;
 232              		.loc 1 93 3 view .LVU39
  94:syscalls.c    ****   (void)dir;
 233              		.loc 1 94 3 view .LVU40
  95:syscalls.c    ****   return 0;
 234              		.loc 1 95 3 view .LVU41
  96:syscalls.c    **** }
 235              		.loc 1 96 1 is_stmt 0 view .LVU42
 236 0000 0020     		movs	r0, #0
 237              	.LVL11:
 238              		.loc 1 96 1 view .LVU43
 239              		@ sp needed
 240 0002 7047     		bx	lr
 241              		.cfi_endproc
 242              	.LFE32:
 244              		.section	.text._open,"ax",%progbits
 245              		.align	1
 246              		.global	_open
 247              		.syntax unified
 248              		.code	16
 249              		.thumb_func
 251              	_open:
 252              	.LVL12:
 253              	.LFB33:
  97:syscalls.c    **** 
  98:syscalls.c    **** int _open(char *path, int flags, ...)
  99:syscalls.c    **** {
 254              		.loc 1 99 1 is_stmt 1 view -0
 255              		.cfi_startproc
 256              		@ args = 4, pretend = 12, frame = 0
 257              		@ frame_needed = 0, uses_anonymous_args = 1
 258              		@ link register save eliminated.
 259              		.loc 1 99 1 is_stmt 0 view .LVU45
 260 0000 0EB4     		push	{r1, r2, r3}
ARM GAS  /tmp/ccbRt4lz.s 			page 7


 261              	.LCFI2:
 262              		.cfi_def_cfa_offset 12
 100:syscalls.c    ****   (void)path;
 263              		.loc 1 100 3 is_stmt 1 view .LVU46
 101:syscalls.c    ****   (void)flags;
 264              		.loc 1 101 3 view .LVU47
 102:syscalls.c    ****   /* Pretend like we always fail */
 103:syscalls.c    ****   return -1;
 265              		.loc 1 103 3 view .LVU48
 266              		.loc 1 103 10 is_stmt 0 discriminator 1 view .LVU49
 267 0002 0120     		movs	r0, #1
 268              	.LVL13:
 104:syscalls.c    **** }
 269              		.loc 1 104 1 view .LVU50
 270 0004 4042     		rsbs	r0, r0, #0
 271              		@ sp needed
 272 0006 03B0     		add	sp, sp, #12
 273 0008 7047     		bx	lr
 274              		.cfi_endproc
 275              	.LFE33:
 277              		.section	.text._wait,"ax",%progbits
 278              		.align	1
 279              		.global	_wait
 280              		.syntax unified
 281              		.code	16
 282              		.thumb_func
 284              	_wait:
 285              	.LVL14:
 286              	.LFB34:
 105:syscalls.c    **** 
 106:syscalls.c    **** int _wait(int *status)
 107:syscalls.c    **** {
 287              		.loc 1 107 1 is_stmt 1 view -0
 288              		.cfi_startproc
 289              		@ args = 0, pretend = 0, frame = 0
 290              		@ frame_needed = 0, uses_anonymous_args = 0
 291              		.loc 1 107 1 is_stmt 0 view .LVU52
 292 0000 10B5     		push	{r4, lr}
 293              	.LCFI3:
 294              		.cfi_def_cfa_offset 8
 295              		.cfi_offset 4, -8
 296              		.cfi_offset 14, -4
 108:syscalls.c    ****   (void)status;
 297              		.loc 1 108 3 is_stmt 1 view .LVU53
 109:syscalls.c    ****   errno = ECHILD;
 298              		.loc 1 109 3 view .LVU54
 299 0002 FFF7FEFF 		bl	__errno
 300              	.LVL15:
 301              		.loc 1 109 9 is_stmt 0 discriminator 1 view .LVU55
 302 0006 0A23     		movs	r3, #10
 303 0008 0360     		str	r3, [r0]
 110:syscalls.c    ****   return -1;
 304              		.loc 1 110 3 is_stmt 1 view .LVU56
 305              		.loc 1 110 10 is_stmt 0 discriminator 1 view .LVU57
 306 000a 0120     		movs	r0, #1
 111:syscalls.c    **** }
 307              		.loc 1 111 1 view .LVU58
ARM GAS  /tmp/ccbRt4lz.s 			page 8


 308 000c 4042     		rsbs	r0, r0, #0
 309              		@ sp needed
 310 000e 10BD     		pop	{r4, pc}
 311              		.cfi_endproc
 312              	.LFE34:
 314              		.section	.text._unlink,"ax",%progbits
 315              		.align	1
 316              		.global	_unlink
 317              		.syntax unified
 318              		.code	16
 319              		.thumb_func
 321              	_unlink:
 322              	.LVL16:
 323              	.LFB35:
 112:syscalls.c    **** 
 113:syscalls.c    **** int _unlink(char *name)
 114:syscalls.c    **** {
 324              		.loc 1 114 1 is_stmt 1 view -0
 325              		.cfi_startproc
 326              		@ args = 0, pretend = 0, frame = 0
 327              		@ frame_needed = 0, uses_anonymous_args = 0
 328              		.loc 1 114 1 is_stmt 0 view .LVU60
 329 0000 10B5     		push	{r4, lr}
 330              	.LCFI4:
 331              		.cfi_def_cfa_offset 8
 332              		.cfi_offset 4, -8
 333              		.cfi_offset 14, -4
 115:syscalls.c    ****   (void)name;
 334              		.loc 1 115 3 is_stmt 1 view .LVU61
 116:syscalls.c    ****   errno = ENOENT;
 335              		.loc 1 116 3 view .LVU62
 336 0002 FFF7FEFF 		bl	__errno
 337              	.LVL17:
 338              		.loc 1 116 9 is_stmt 0 discriminator 1 view .LVU63
 339 0006 0223     		movs	r3, #2
 340 0008 0360     		str	r3, [r0]
 117:syscalls.c    ****   return -1;
 341              		.loc 1 117 3 is_stmt 1 view .LVU64
 342              		.loc 1 117 10 is_stmt 0 discriminator 1 view .LVU65
 343 000a 0120     		movs	r0, #1
 118:syscalls.c    **** }
 344              		.loc 1 118 1 view .LVU66
 345 000c 4042     		rsbs	r0, r0, #0
 346              		@ sp needed
 347 000e 10BD     		pop	{r4, pc}
 348              		.cfi_endproc
 349              	.LFE35:
 351              		.section	.text._times,"ax",%progbits
 352              		.align	1
 353              		.global	_times
 354              		.syntax unified
 355              		.code	16
 356              		.thumb_func
 358              	_times:
 359              	.LVL18:
 360              	.LFB36:
 119:syscalls.c    **** 
ARM GAS  /tmp/ccbRt4lz.s 			page 9


 120:syscalls.c    **** int _times(struct tms *buf)
 121:syscalls.c    **** {
 361              		.loc 1 121 1 is_stmt 1 view -0
 362              		.cfi_startproc
 363              		@ args = 0, pretend = 0, frame = 0
 364              		@ frame_needed = 0, uses_anonymous_args = 0
 365              		@ link register save eliminated.
 122:syscalls.c    ****   (void)buf;
 366              		.loc 1 122 3 view .LVU68
 123:syscalls.c    ****   return -1;
 367              		.loc 1 123 3 view .LVU69
 368              		.loc 1 123 10 is_stmt 0 discriminator 1 view .LVU70
 369 0000 0120     		movs	r0, #1
 370              	.LVL19:
 124:syscalls.c    **** }
 371              		.loc 1 124 1 view .LVU71
 372 0002 4042     		rsbs	r0, r0, #0
 373              		@ sp needed
 374 0004 7047     		bx	lr
 375              		.cfi_endproc
 376              	.LFE36:
 378              		.section	.text._stat,"ax",%progbits
 379              		.align	1
 380              		.global	_stat
 381              		.syntax unified
 382              		.code	16
 383              		.thumb_func
 385              	_stat:
 386              	.LVL20:
 387              	.LFB37:
 125:syscalls.c    **** 
 126:syscalls.c    **** int _stat(char *file, struct stat *st)
 127:syscalls.c    **** {
 388              		.loc 1 127 1 is_stmt 1 view -0
 389              		.cfi_startproc
 390              		@ args = 0, pretend = 0, frame = 0
 391              		@ frame_needed = 0, uses_anonymous_args = 0
 392              		@ link register save eliminated.
 128:syscalls.c    ****   (void)file;
 393              		.loc 1 128 3 view .LVU73
 129:syscalls.c    ****   st->st_mode = S_IFCHR;
 394              		.loc 1 129 3 view .LVU74
 395              		.loc 1 129 15 is_stmt 0 view .LVU75
 396 0000 8023     		movs	r3, #128
 397 0002 9B01     		lsls	r3, r3, #6
 398 0004 4B60     		str	r3, [r1, #4]
 130:syscalls.c    ****   return 0;
 399              		.loc 1 130 3 is_stmt 1 view .LVU76
 131:syscalls.c    **** }
 400              		.loc 1 131 1 is_stmt 0 view .LVU77
 401 0006 0020     		movs	r0, #0
 402              	.LVL21:
 403              		.loc 1 131 1 view .LVU78
 404              		@ sp needed
 405 0008 7047     		bx	lr
 406              		.cfi_endproc
 407              	.LFE37:
ARM GAS  /tmp/ccbRt4lz.s 			page 10


 409              		.section	.text._link,"ax",%progbits
 410              		.align	1
 411              		.global	_link
 412              		.syntax unified
 413              		.code	16
 414              		.thumb_func
 416              	_link:
 417              	.LVL22:
 418              	.LFB38:
 132:syscalls.c    **** 
 133:syscalls.c    **** int _link(char *old, char *new)
 134:syscalls.c    **** {
 419              		.loc 1 134 1 is_stmt 1 view -0
 420              		.cfi_startproc
 421              		@ args = 0, pretend = 0, frame = 0
 422              		@ frame_needed = 0, uses_anonymous_args = 0
 423              		.loc 1 134 1 is_stmt 0 view .LVU80
 424 0000 10B5     		push	{r4, lr}
 425              	.LCFI5:
 426              		.cfi_def_cfa_offset 8
 427              		.cfi_offset 4, -8
 428              		.cfi_offset 14, -4
 135:syscalls.c    ****   (void)old;
 429              		.loc 1 135 3 is_stmt 1 view .LVU81
 136:syscalls.c    ****   (void)new;
 430              		.loc 1 136 3 view .LVU82
 137:syscalls.c    ****   errno = EMLINK;
 431              		.loc 1 137 3 view .LVU83
 432 0002 FFF7FEFF 		bl	__errno
 433              	.LVL23:
 434              		.loc 1 137 9 is_stmt 0 discriminator 1 view .LVU84
 435 0006 1F23     		movs	r3, #31
 436 0008 0360     		str	r3, [r0]
 138:syscalls.c    ****   return -1;
 437              		.loc 1 138 3 is_stmt 1 view .LVU85
 438              		.loc 1 138 10 is_stmt 0 discriminator 1 view .LVU86
 439 000a 0120     		movs	r0, #1
 139:syscalls.c    **** }
 440              		.loc 1 139 1 view .LVU87
 441 000c 4042     		rsbs	r0, r0, #0
 442              		@ sp needed
 443 000e 10BD     		pop	{r4, pc}
 444              		.cfi_endproc
 445              	.LFE38:
 447              		.section	.text._fork,"ax",%progbits
 448              		.align	1
 449              		.global	_fork
 450              		.syntax unified
 451              		.code	16
 452              		.thumb_func
 454              	_fork:
 455              	.LFB39:
 140:syscalls.c    **** 
 141:syscalls.c    **** int _fork(void)
 142:syscalls.c    **** {
 456              		.loc 1 142 1 is_stmt 1 view -0
 457              		.cfi_startproc
ARM GAS  /tmp/ccbRt4lz.s 			page 11


 458              		@ args = 0, pretend = 0, frame = 0
 459              		@ frame_needed = 0, uses_anonymous_args = 0
 460 0000 10B5     		push	{r4, lr}
 461              	.LCFI6:
 462              		.cfi_def_cfa_offset 8
 463              		.cfi_offset 4, -8
 464              		.cfi_offset 14, -4
 143:syscalls.c    ****   errno = EAGAIN;
 465              		.loc 1 143 3 view .LVU89
 466 0002 FFF7FEFF 		bl	__errno
 467              	.LVL24:
 468              		.loc 1 143 9 is_stmt 0 discriminator 1 view .LVU90
 469 0006 0B23     		movs	r3, #11
 470 0008 0360     		str	r3, [r0]
 144:syscalls.c    ****   return -1;
 471              		.loc 1 144 3 is_stmt 1 view .LVU91
 472              		.loc 1 144 10 is_stmt 0 discriminator 1 view .LVU92
 473 000a 0120     		movs	r0, #1
 145:syscalls.c    **** }
 474              		.loc 1 145 1 view .LVU93
 475 000c 4042     		rsbs	r0, r0, #0
 476              		@ sp needed
 477 000e 10BD     		pop	{r4, pc}
 478              		.cfi_endproc
 479              	.LFE39:
 481              		.section	.text._execve,"ax",%progbits
 482              		.align	1
 483              		.global	_execve
 484              		.syntax unified
 485              		.code	16
 486              		.thumb_func
 488              	_execve:
 489              	.LVL25:
 490              	.LFB40:
 146:syscalls.c    **** 
 147:syscalls.c    **** int _execve(char *name, char **argv, char **env)
 148:syscalls.c    **** {
 491              		.loc 1 148 1 is_stmt 1 view -0
 492              		.cfi_startproc
 493              		@ args = 0, pretend = 0, frame = 0
 494              		@ frame_needed = 0, uses_anonymous_args = 0
 495              		.loc 1 148 1 is_stmt 0 view .LVU95
 496 0000 10B5     		push	{r4, lr}
 497              	.LCFI7:
 498              		.cfi_def_cfa_offset 8
 499              		.cfi_offset 4, -8
 500              		.cfi_offset 14, -4
 149:syscalls.c    ****   (void)name;
 501              		.loc 1 149 3 is_stmt 1 view .LVU96
 150:syscalls.c    ****   (void)argv;
 502              		.loc 1 150 3 view .LVU97
 151:syscalls.c    ****   (void)env;
 503              		.loc 1 151 3 view .LVU98
 152:syscalls.c    ****   errno = ENOMEM;
 504              		.loc 1 152 3 view .LVU99
 505 0002 FFF7FEFF 		bl	__errno
 506              	.LVL26:
ARM GAS  /tmp/ccbRt4lz.s 			page 12


 507              		.loc 1 152 9 is_stmt 0 discriminator 1 view .LVU100
 508 0006 0C23     		movs	r3, #12
 509 0008 0360     		str	r3, [r0]
 153:syscalls.c    ****   return -1;
 510              		.loc 1 153 3 is_stmt 1 view .LVU101
 511              		.loc 1 153 10 is_stmt 0 discriminator 1 view .LVU102
 512 000a 0120     		movs	r0, #1
 154:syscalls.c    **** }
 513              		.loc 1 154 1 view .LVU103
 514 000c 4042     		rsbs	r0, r0, #0
 515              		@ sp needed
 516 000e 10BD     		pop	{r4, pc}
 517              		.cfi_endproc
 518              	.LFE40:
 520              		.global	environ
 521              		.section	.data.environ,"aw"
 522              		.align	2
 525              	environ:
 526 0000 00000000 		.word	__env
 527              		.global	__env
 528              		.section	.bss.__env,"aw",%nobits
 529              		.align	2
 532              	__env:
 533 0000 00000000 		.space	4
 534              		.text
 535              	.Letext0:
 536              		.file 2 "/home/kaylee/.arduino15/packages/STMicroelectronics/tools/xpack-arm-none-eabi-gcc/13.2.1-
 537              		.file 3 "/home/kaylee/.arduino15/packages/STMicroelectronics/tools/xpack-arm-none-eabi-gcc/13.2.1-
 538              		.file 4 "/home/kaylee/.arduino15/packages/STMicroelectronics/tools/xpack-arm-none-eabi-gcc/13.2.1-
 539              		.file 5 "/home/kaylee/.arduino15/packages/STMicroelectronics/tools/xpack-arm-none-eabi-gcc/13.2.1-
 540              		.file 6 "/home/kaylee/.arduino15/packages/STMicroelectronics/tools/xpack-arm-none-eabi-gcc/13.2.1-
 541              		.file 7 "/home/kaylee/.arduino15/packages/STMicroelectronics/tools/xpack-arm-none-eabi-gcc/13.2.1-
 542              		.file 8 "/home/kaylee/.arduino15/packages/STMicroelectronics/tools/xpack-arm-none-eabi-gcc/13.2.1-
 543              		.file 9 "/home/kaylee/.arduino15/packages/STMicroelectronics/tools/xpack-arm-none-eabi-gcc/13.2.1-
ARM GAS  /tmp/ccbRt4lz.s 			page 13


DEFINED SYMBOLS
                            *ABS*:00000000 syscalls.c
     /tmp/ccbRt4lz.s:19     .text.initialise_monitor_handles:00000000 $t
     /tmp/ccbRt4lz.s:25     .text.initialise_monitor_handles:00000000 initialise_monitor_handles
     /tmp/ccbRt4lz.s:39     .text._getpid:00000000 $t
     /tmp/ccbRt4lz.s:45     .text._getpid:00000000 _getpid
     /tmp/ccbRt4lz.s:61     .text._kill:00000000 $t
     /tmp/ccbRt4lz.s:67     .text._kill:00000000 _kill
     /tmp/ccbRt4lz.s:99     .text._exit:00000000 $t
     /tmp/ccbRt4lz.s:105    .text._exit:00000000 _exit
     /tmp/ccbRt4lz.s:133    .text._close:00000000 $t
     /tmp/ccbRt4lz.s:139    .text._close:00000000 _close
     /tmp/ccbRt4lz.s:160    .text._fstat:00000000 $t
     /tmp/ccbRt4lz.s:166    .text._fstat:00000000 _fstat
     /tmp/ccbRt4lz.s:191    .text._isatty:00000000 $t
     /tmp/ccbRt4lz.s:197    .text._isatty:00000000 _isatty
     /tmp/ccbRt4lz.s:217    .text._lseek:00000000 $t
     /tmp/ccbRt4lz.s:223    .text._lseek:00000000 _lseek
     /tmp/ccbRt4lz.s:245    .text._open:00000000 $t
     /tmp/ccbRt4lz.s:251    .text._open:00000000 _open
     /tmp/ccbRt4lz.s:278    .text._wait:00000000 $t
     /tmp/ccbRt4lz.s:284    .text._wait:00000000 _wait
     /tmp/ccbRt4lz.s:315    .text._unlink:00000000 $t
     /tmp/ccbRt4lz.s:321    .text._unlink:00000000 _unlink
     /tmp/ccbRt4lz.s:352    .text._times:00000000 $t
     /tmp/ccbRt4lz.s:358    .text._times:00000000 _times
     /tmp/ccbRt4lz.s:379    .text._stat:00000000 $t
     /tmp/ccbRt4lz.s:385    .text._stat:00000000 _stat
     /tmp/ccbRt4lz.s:410    .text._link:00000000 $t
     /tmp/ccbRt4lz.s:416    .text._link:00000000 _link
     /tmp/ccbRt4lz.s:448    .text._fork:00000000 $t
     /tmp/ccbRt4lz.s:454    .text._fork:00000000 _fork
     /tmp/ccbRt4lz.s:482    .text._execve:00000000 $t
     /tmp/ccbRt4lz.s:488    .text._execve:00000000 _execve
     /tmp/ccbRt4lz.s:525    .data.environ:00000000 environ
     /tmp/ccbRt4lz.s:522    .data.environ:00000000 $d
     /tmp/ccbRt4lz.s:532    .bss.__env:00000000 __env
     /tmp/ccbRt4lz.s:529    .bss.__env:00000000 $d

UNDEFINED SYMBOLS
__errno
